
[22:36:0][17/06/2019][admin][Login]
[22:36:44][17/06/2019][admin][Login]
[22:37:0][17/06/2019][admin][Login]
[22:37:9][17/06/2019][admin][Login]
[22:50:36][17/06/2019][admin][Login]
[22:50:43][17/06/2019][INSERT INTO tratamientopersonal (idPacienteFK, idPersonalFK, importeTratamiento, fechaTratamiento) VALUES (3, 3, 0.0, '2019/06/17');]
[22:50:47][17/06/2019][SELECT idPersonalFK, importeTratamiento, fechaTratamiento FROM tratamientopersonal WHERE idPacienteFK = '3';]
[16:58:10][19/06/2019][admin][Login]
[16:58:25][19/06/2019][SELECT idPaciente, nombrePaciente, apellidosPaciente, fechaNacimientoPaciente, direccionPaciente, dniPaciente FROM pacientes;]
[16:58:28][19/06/2019][SELECT idPersonal, nombrePersonal, apellidosPersonal, fechaNacimientoPersonal, direccionPersonal FROM personal; SELECT numeroColegiadoPodologo, especialidadPodologo FROM podologos;]
[16:59:19][19/06/2019][INSERT INTO tratamientopersonal (idPacienteFK, idPersonalFK, importeTratamiento, fechaTratamiento) VALUES (3, 2, 30.0, '2019/06/19');]
[16:59:39][19/06/2019][SELECT idPersonalFK, importeTratamiento, fechaTratamiento FROM tratamientopersonal WHERE idPacienteFK = '3';]
[17:6:41][20/06/2019][admin][Login]
[17:7:25][20/06/2019][admin][Login]
[19:33:24][20/06/2019][admin][Login]
[19:33:26][20/06/2019][SELECT idPaciente, nombrePaciente, apellidosPaciente, fechaNacimientoPaciente, direccionPaciente, dniPaciente FROM pacientes;]
[19:33:56][20/06/2019][admin][Login]
[19:33:58][20/06/2019][SELECT idPaciente, nombrePaciente, apellidosPaciente, fechaNacimientoPaciente, direccionPaciente, dniPaciente FROM pacientes;]
[19:34:30][20/06/2019][admin][Login]
[19:34:36][20/06/2019][SELECT idPaciente, nombrePaciente, apellidosPaciente, fechaNacimientoPaciente, direccionPaciente, dniPaciente FROM pacientes;]
[19:36:27][20/06/2019][admin][Login]
[19:36:29][20/06/2019][SELECT idPaciente, nombrePaciente, apellidosPaciente, fechaNacimientoPaciente, direccionPaciente, dniPaciente FROM pacientes;]
[13:16:38][23/06/2019][admin][Login]
[13:16:46][23/06/2019][admin][Login]
[13:16:48][23/06/2019][SELECT idPaciente, nombrePaciente, apellidosPaciente, fechaNacimientoPaciente, direccionPaciente, dniPaciente FROM pacientes;]
[13:17:15][23/06/2019][SELECT idPaciente, nombrePaciente, apellidosPaciente, fechaNacimientoPaciente, direccionPaciente, dniPaciente FROM pacientes;]
[13:19:34][23/06/2019][admin][Login]
[13:19:36][23/06/2019][SELECT idPaciente, nombrePaciente, apellidosPaciente, fechaNacimientoPaciente, direccionPaciente, dniPaciente FROM pacientes;]
[13:29:20][23/06/2019][admin][Login]
[13:29:21][23/06/2019][SELECT idPaciente, nombrePaciente, apellidosPaciente, fechaNacimientoPaciente, direccionPaciente, dniPaciente FROM pacientes;]
[13:31:13][23/06/2019][admin][Login]
[13:31:20][23/06/2019][SELECT idPaciente, nombrePaciente, apellidosPaciente, fechaNacimientoPaciente, direccionPaciente, dniPaciente FROM pacientes;]
[13:32:19][23/06/2019][admin][Login]
[13:32:21][23/06/2019][SELECT idPaciente, nombrePaciente, apellidosPaciente, fechaNacimientoPaciente, direccionPaciente, dniPaciente FROM pacientes;]
[13:36:6][23/06/2019][admin][Login]
[13:36:8][23/06/2019][SELECT idPaciente, nombrePaciente, apellidosPaciente, fechaNacimientoPaciente, direccionPaciente, dniPaciente FROM pacientes;]
[13:38:58][23/06/2019][admin][Login]
[13:38:59][23/06/2019][SELECT idPaciente, nombrePaciente, apellidosPaciente, fechaNacimientoPaciente, direccionPaciente, dniPaciente FROM pacientes;]
[13:40:48][23/06/2019][admin][Login]
[13:40:49][23/06/2019][SELECT idPaciente, nombrePaciente, apellidosPaciente, fechaNacimientoPaciente, direccionPaciente, dniPaciente FROM pacientes;]
[13:41:49][23/06/2019][admin][Login]
[13:41:51][23/06/2019][SELECT idPaciente, nombrePaciente, apellidosPaciente, fechaNacimientoPaciente, direccionPaciente, dniPaciente FROM pacientes;]
[13:42:28][23/06/2019][admin][Login]
[13:42:30][23/06/2019][SELECT idPaciente, nombrePaciente, apellidosPaciente, fechaNacimientoPaciente, direccionPaciente, dniPaciente FROM pacientes;]
[13:43:13][23/06/2019][admin][Login]
[13:43:14][23/06/2019][SELECT idPaciente, nombrePaciente, apellidosPaciente, fechaNacimientoPaciente, direccionPaciente, dniPaciente FROM pacientes;]
[13:54:19][23/06/2019][admin][Login]
[13:54:21][23/06/2019][SELECT idPaciente, nombrePaciente, apellidosPaciente, fechaNacimientoPaciente, direccionPaciente, dniPaciente FROM pacientes;]
[14:1:37][23/06/2019][admin][Login]
[14:1:39][23/06/2019][SELECT idPaciente, nombrePaciente, apellidosPaciente, fechaNacimientoPaciente, direccionPaciente, dniPaciente FROM pacientes;]
[14:4:21][23/06/2019][admin][Login]
[14:4:23][23/06/2019][SELECT idPaciente, nombrePaciente, apellidosPaciente, fechaNacimientoPaciente, direccionPaciente, dniPaciente FROM pacientes;]
[14:4:55][23/06/2019][admin][Login]
[14:4:56][23/06/2019][SELECT idPaciente, nombrePaciente, apellidosPaciente, fechaNacimientoPaciente, direccionPaciente, dniPaciente FROM pacientes;]
[14:10:44][23/06/2019][admin][Login]
[14:10:46][23/06/2019][SELECT idPaciente, nombrePaciente, apellidosPaciente, fechaNacimientoPaciente, direccionPaciente, dniPaciente FROM pacientes;]
[14:15:26][23/06/2019][admin][Login]
[14:15:28][23/06/2019][SELECT idPersonal, nombrePersonal, apellidosPersonal, fechaNacimientoPersonal, direccionPersonal FROM personal; SELECT numeroColegiadoPodologo, especialidadPodologo FROM podologos;]
[14:19:16][23/06/2019][admin][Login]
[14:19:18][23/06/2019][SELECT idPersonal, nombrePersonal, apellidosPersonal, fechaNacimientoPersonal, direccionPersonal FROM personal; SELECT numeroColegiadoPodologo, especialidadPodologo FROM podologos;]
[14:24:5][23/06/2019][admin][Login]
[14:24:6][23/06/2019][SELECT idPaciente, nombrePaciente, apellidosPaciente, fechaNacimientoPaciente, direccionPaciente, dniPaciente FROM pacientes;]
[14:24:10][23/06/2019][SELECT idPersonal, nombrePersonal, apellidosPersonal, fechaNacimientoPersonal, direccionPersonal FROM personal; SELECT numeroColegiadoPodologo, especialidadPodologo FROM podologos;]
[14:25:26][23/06/2019][SELECT idPersonalFK, importeTratamiento, fechaTratamiento FROM tratamientopersonal WHERE idPacienteFK = '2';]
[14:25:29][23/06/2019][SELECT idPersonalFK, importeTratamiento, fechaTratamiento FROM tratamientopersonal WHERE idPacienteFK = '3';]
[14:31:23][23/06/2019][admin][Login]
[14:31:29][23/06/2019][SELECT idPersonalFK, importeTratamiento, fechaTratamiento FROM tratamientopersonal WHERE idPacienteFK = '3';]
[14:32:5][23/06/2019][SELECT idPersonal, nombrePersonal, apellidosPersonal, fechaNacimientoPersonal, direccionPersonal FROM personal; SELECT numeroColegiadoPodologo, especialidadPodologo FROM podologos;]
[14:35:20][23/06/2019][admin][Login]
[14:39:12][23/06/2019][admin][Login]
[14:39:32][23/06/2019][SELECT idPaciente, nombrePaciente, apellidosPaciente, fechaNacimientoPaciente, direccionPaciente, dniPaciente FROM pacientes;]
[14:40:9][23/06/2019][admin][Login]
[14:40:12][23/06/2019][SELECT idPersonalFK, importeTratamiento, fechaTratamiento FROM tratamientopersonal WHERE idPacienteFK = '3';]
[14:40:14][23/06/2019][SELECT idPersonalFK, importeTratamiento, fechaTratamiento FROM tratamientopersonal WHERE idPacienteFK = '4';]
[14:40:16][23/06/2019][SELECT idPersonalFK, importeTratamiento, fechaTratamiento FROM tratamientopersonal WHERE idPacienteFK = '2';]
[14:40:18][23/06/2019][SELECT idPersonalFK, importeTratamiento, fechaTratamiento FROM tratamientopersonal WHERE idPacienteFK = '3';]
[14:40:20][23/06/2019][SELECT idPersonalFK, importeTratamiento, fechaTratamiento FROM tratamientopersonal WHERE idPacienteFK = '4';]
[14:41:9][23/06/2019][SELECT idPersonalFK, importeTratamiento, fechaTratamiento FROM tratamientopersonal WHERE idPacienteFK = '3';]
[14:43:40][23/06/2019][admin][Login]
[14:43:43][23/06/2019][SELECT idPersonalFK, importeTratamiento, fechaTratamiento FROM tratamientopersonal WHERE idPacienteFK = '4';]
[14:44:7][23/06/2019][admin][Login]
[14:44:10][23/06/2019][SELECT idPersonalFK, importeTratamiento, fechaTratamiento FROM tratamientopersonal WHERE idPacienteFK = '4';]
[14:44:30][23/06/2019][admin][Login]
[14:44:33][23/06/2019][SELECT idPersonalFK, importeTratamiento, fechaTratamiento FROM tratamientopersonal WHERE idPacienteFK = '4';]
[14:46:5][23/06/2019][admin][Login]
[14:46:10][23/06/2019][SELECT idPersonalFK, importeTratamiento, fechaTratamiento FROM tratamientopersonal WHERE idPacienteFK = '3';]
[14:46:36][23/06/2019][admin][Login]
[14:46:39][23/06/2019][SELECT idPersonalFK, importeTratamiento, fechaTratamiento FROM tratamientopersonal WHERE idPacienteFK = '3';]
[14:47:2][23/06/2019][admin][Login]
[14:47:4][23/06/2019][SELECT idPaciente, nombrePaciente, apellidosPaciente, fechaNacimientoPaciente, direccionPaciente, dniPaciente FROM pacientes;]
[14:47:9][23/06/2019][SELECT idPersonalFK, importeTratamiento, fechaTratamiento FROM tratamientopersonal WHERE idPacienteFK = '3';]
[14:47:45][23/06/2019][SELECT idPersonalFK, importeTratamiento, fechaTratamiento FROM tratamientopersonal WHERE idPacienteFK = '2';]
[14:47:52][23/06/2019][SELECT idPersonalFK, importeTratamiento, fechaTratamiento FROM tratamientopersonal WHERE idPacienteFK = '4';]
[14:48:56][23/06/2019][admin][Login]
[14:48:58][23/06/2019][SELECT idPersonalFK, importeTratamiento, fechaTratamiento FROM tratamientopersonal WHERE idPacienteFK = '3';]
[14:49:18][23/06/2019][admin][Login]
[14:49:22][23/06/2019][SELECT idPersonalFK, importeTratamiento, fechaTratamiento FROM tratamientopersonal WHERE idPacienteFK = '4';]
[14:50:2][23/06/2019][admin][Login]
[14:50:6][23/06/2019][SELECT idPersonalFK, importeTratamiento, fechaTratamiento FROM tratamientopersonal WHERE idPacienteFK = '4';]
[14:51:37][23/06/2019][admin][Login]
[14:51:44][23/06/2019][SELECT idPersonalFK, importeTratamiento, fechaTratamiento FROM tratamientopersonal WHERE idPacienteFK = '4';]
[14:51:56][23/06/2019][SELECT idPersonalFK, importeTratamiento, fechaTratamiento FROM tratamientopersonal WHERE idPacienteFK = '2';]
[14:51:59][23/06/2019][SELECT idPersonalFK, importeTratamiento, fechaTratamiento FROM tratamientopersonal WHERE idPacienteFK = '3';]
[14:53:10][23/06/2019][admin][Login]
[14:53:13][23/06/2019][SELECT idPersonalFK, importeTratamiento, fechaTratamiento FROM tratamientopersonal WHERE idPacienteFK = '3';]
[10:41:36][24/06/2019][admin][Login]
[10:41:48][24/06/2019][admin][Login]
[10:42:20][24/06/2019][SELECT idPaciente, nombrePaciente, apellidosPaciente, fechaNacimientoPaciente, direccionPaciente, dniPaciente FROM pacientes;]
[10:44:2][24/06/2019][SELECT idPersonal, nombrePersonal, apellidosPersonal, fechaNacimientoPersonal, direccionPersonal FROM personal; SELECT numeroColegiadoPodologo, especialidadPodologo FROM podologos;]
[10:54:7][24/06/2019][SELECT idPaciente, nombrePaciente, apellidosPaciente, fechaNacimientoPaciente, direccionPaciente, dniPaciente FROM pacientes;]
[10:54:12][24/06/2019][SELECT idPersonal, nombrePersonal, apellidosPersonal, fechaNacimientoPersonal, direccionPersonal FROM personal; SELECT numeroColegiadoPodologo, especialidadPodologo FROM podologos;]
[10:54:17][24/06/2019][SELECT idPersonalFK, importeTratamiento, fechaTratamiento FROM tratamientopersonal WHERE idPacienteFK = '3';]
